        -:    0:Source:dominion.c
        -:    0:Graph:dominion.gcno
        -:    0:Data:dominion.gcda
        -:    0:Runs:8
        -:    0:Programs:1
        -:    1:#include "dominion.h"
        -:    2:#include "dominion_helpers.h"
        -:    3:#include "rngs.h"
        -:    4:#include <stdio.h>
        -:    5:#include <math.h>
        -:    6:#include <stdlib.h>
        -:    7:#define SEED = 1
function compare called 56 returned 100% blocks executed 85%
        -:    8:int compare(const void* a, const void* b) {
       56:    9:  if (*(int*)a > *(int*)b)
branch  0 taken 0%
branch  1 taken 100%
    #####:   10:    return 1;
       56:   11:  if (*(int*)a < *(int*)b)
branch  0 taken 36%
branch  1 taken 64%
       20:   12:    return -1;
       36:   13:  return 0;
       56:   14:}
        -:   15:
function newGame called 1 returned 100% blocks executed 100%
        -:   16:struct gameState* newGame() {
        2:   17:  struct gameState* g = malloc(sizeof(struct gameState));
        1:   18:  return g;
        -:   19:}
        -:   20:
function kingdomCards called 1 returned 100% blocks executed 100%
        -:   21:int* kingdomCards(int k1, int k2, int k3, int k4, int k5, int k6, int k7,
        -:   22:		  int k8, int k9, int k10) {
        1:   23:  int* k = malloc(10 * sizeof(int));
        1:   24:  k[0] = k1;
        1:   25:  k[1] = k2;
        1:   26:  k[2] = k3;
        1:   27:  k[3] = k4;
        1:   28:  k[4] = k5;
        1:   29:  k[5] = k6;
        1:   30:  k[6] = k7;
        1:   31:  k[7] = k8;
        1:   32:  k[8] = k9;
        1:   33:  k[9] = k10;
        1:   34:  return k;
        -:   35:}
        -:   36:
function initializeGame called 8 returned 100% blocks executed 89%
        -:   37:int initializeGame(int numPlayers, int kingdomCards[10], int randomSeed,
        -:   38:		   struct gameState *state) {
        -:   39:
        -:   40:  int i;
        -:   41:  int j;
        -:   42:  int it;
        -:   43:  //set up random number generator
        8:   44:  SelectStream(1);
        8:   45:  PutSeed((long)randomSeed);
        -:   46:
        -:   47:  //check number of players
       16:   48:  if (numPlayers > MAX_PLAYERS || numPlayers < 2)
branch  0 taken 100%
branch  1 taken 0%
branch  2 taken 0%
branch  3 taken 100%
        -:   49:    {
    #####:   50:      return -1;
        -:   51:    }
        -:   52:
        -:   53:  //set number of players
        8:   54:  state->numPlayers = numPlayers;
        -:   55:
        -:   56:  //check selected kingdom cards are different
       56:   57:  for (i = 0; i < 10; i++)
branch  0 taken 93%
branch  1 taken 7%
        -:   58:    {
      528:   59:      for (j = 0; j < 10; j++)
branch  0 taken 92%
branch  1 taken 8%
        -:   60:        {
      462:   61:	  if (j != i && kingdomCards[j] == kingdomCards[i])
branch  0 taken 89%
branch  1 taken 11%
branch  2 taken 3%
branch  3 taken 97%
        -:   62:	    {
        6:   63:	      return -1;
        -:   64:	    }
      238:   65:        }
       20:   66:    }
        -:   67:
        -:   68:
        -:   69:  //initialize supply
        -:   70:  ///////////////////////////////
        -:   71:
        -:   72:  //set number of Curse cards
        2:   73:  if (numPlayers == 2)
branch  0 taken 100%
branch  1 taken 0%
        -:   74:    {
        2:   75:      state->supplyCount[curse] = 10;
        2:   76:    }
    #####:   77:  else if (numPlayers == 3)
branch  0 never executed
branch  1 never executed
        -:   78:    {
    #####:   79:      state->supplyCount[curse] = 20;
    #####:   80:    }
        -:   81:  else
        -:   82:    {
    #####:   83:      state->supplyCount[curse] = 30;
        -:   84:    }
        -:   85:
        -:   86:  //set number of Victory cards
        2:   87:  if (numPlayers == 2)
branch  0 taken 100%
branch  1 taken 0%
        -:   88:    {
        2:   89:      state->supplyCount[estate] = 8;
        2:   90:      state->supplyCount[duchy] = 8;
        2:   91:      state->supplyCount[province] = 8;
        2:   92:    }
        -:   93:  else
        -:   94:    {
    #####:   95:      state->supplyCount[estate] = 12;
    #####:   96:      state->supplyCount[duchy] = 12;
    #####:   97:      state->supplyCount[province] = 12;
        -:   98:    }
        -:   99:
        -:  100:  //set number of Treasure cards
        2:  101:  state->supplyCount[copper] = 60 - (7 * numPlayers);
        2:  102:  state->supplyCount[silver] = 40;
        2:  103:  state->supplyCount[gold] = 30;
        -:  104:
        -:  105:  //set number of Kingdom cards
       84:  106:  for (i = adventurer; i <= treasure_map; i++)       	//loop all cards
branch  0 taken 95%
branch  1 taken 5%
        -:  107:    {
      660:  108:      for (j = 0; j < 10; j++)           		//loop chosen cards
branch  0 taken 94%
branch  1 taken 6%
        -:  109:	{
      310:  110:	  if (kingdomCards[j] == i)
branch  0 taken 6%
branch  1 taken 94%
        -:  111:	    {
        -:  112:	      //check if card is a 'Victory' Kingdom card
       40:  113:	      if (kingdomCards[j] == great_hall || kingdomCards[j] == gardens)
branch  0 taken 100%
branch  1 taken 0%
branch  2 taken 10%
branch  3 taken 90%
        -:  114:		{
        2:  115:		  if (numPlayers == 2){
branch  0 taken 100%
branch  1 taken 0%
        2:  116:		    state->supplyCount[i] = 8;
        2:  117:		  }
    #####:  118:		  else{ state->supplyCount[i] = 12; }
        2:  119:		}
        -:  120:	      else
        -:  121:		{
       18:  122:		  state->supplyCount[i] = 10;
        -:  123:		}
       20:  124:	      break;
        -:  125:	    }
        -:  126:	  else    //card is not in the set choosen for the game
        -:  127:	    {
      290:  128:	      state->supplyCount[i] = -1;
        -:  129:	    }
      290:  130:	}
        -:  131:
       40:  132:    }
        -:  133:
        -:  134:  ////////////////////////
        -:  135:  //supply intilization complete
        -:  136:
        -:  137:  //set player decks
       12:  138:  for (i = 0; i < numPlayers; i++)
branch  0 taken 67%
branch  1 taken 33%
        -:  139:    {
        4:  140:      state->deckCount[i] = 0;
       32:  141:      for (j = 0; j < 3; j++)
branch  0 taken 75%
branch  1 taken 25%
        -:  142:	{
       12:  143:	  state->deck[i][j] = estate;
       12:  144:	  state->deckCount[i]++;
       12:  145:	}
       64:  146:      for (j = 3; j < 10; j++)
branch  0 taken 88%
branch  1 taken 13%
        -:  147:	{
       28:  148:	  state->deck[i][j] = copper;
       28:  149:	  state->deckCount[i]++;
       28:  150:	}
        4:  151:    }
        -:  152:
        -:  153:  //shuffle player decks
       12:  154:  for (i = 0; i < numPlayers; i++)
branch  0 taken 67%
branch  1 taken 33%
        -:  155:    {
        4:  156:      if ( shuffle(i, state) < 0 )
branch  0 taken 0%
branch  1 taken 100%
        -:  157:	{
    #####:  158:	  return -1;
        -:  159:	}
        4:  160:    }
        -:  161:
        -:  162:  //draw player hands
       12:  163:  for (i = 0; i < numPlayers; i++)
branch  0 taken 67%
branch  1 taken 33%
        -:  164:    {
        -:  165:      //initialize hand size to zero
        4:  166:      state->handCount[i] = 0;
        4:  167:      state->discardCount[i] = 0;
        -:  168:      //draw 5 cards
        -:  169:      // for (j = 0; j < 5; j++)
        -:  170:      //	{
        -:  171:      //	  drawCard(i, state);
        -:  172:      //	}
        4:  173:    }
        -:  174:
        -:  175:  //set embargo tokens to 0 for all supply piles
      112:  176:  for (i = 0; i <= treasure_map; i++)
branch  0 taken 96%
branch  1 taken 4%
        -:  177:    {
       54:  178:      state->embargoTokens[i] = 0;
       54:  179:    }
        -:  180:
        -:  181:  //initialize first player's turn
        2:  182:  state->outpostPlayed = 0;
        2:  183:  state->phase = 0;
        2:  184:  state->numActions = 1;
        2:  185:  state->numBuys = 1;
        2:  186:  state->playedCardCount = 0;
        2:  187:  state->whoseTurn = 0;
        2:  188:  state->handCount[state->whoseTurn] = 0;
        -:  189:  //int it; move to top
        -:  190:
        -:  191:  //Moved draw cards to here, only drawing at the start of a turn
       24:  192:  for (it = 0; it < 5; it++){
branch  0 taken 83%
branch  1 taken 17%
       10:  193:    drawCard(state->whoseTurn, state);
       10:  194:  }
        -:  195:
        2:  196:  updateCoins(state->whoseTurn, state, 0);
        -:  197:
        2:  198:  return 0;
        8:  199:}
        -:  200:
function shuffle called 4 returned 100% blocks executed 93%
        -:  201:int shuffle(int player, struct gameState *state) {
        -:  202:
        -:  203:
        -:  204:  int newDeck[MAX_DECK];
        4:  205:  int newDeckPos = 0;
        -:  206:  int card;
        -:  207:  int i;
        -:  208:
        4:  209:  if (state->deckCount[player] < 1)
branch  0 taken 0%
branch  1 taken 100%
    #####:  210:    return -1;
        4:  211:  qsort ((void*)(state->deck[player]), state->deckCount[player], sizeof(int), compare);
        -:  212:  /* SORT CARDS IN DECK TO ENSURE DETERMINISM! */
        -:  213:
       88:  214:  while (state->deckCount[player] > 0) {
branch  0 taken 91%
branch  1 taken 9%
       40:  215:    card = floor(Random() * state->deckCount[player]);
       40:  216:    newDeck[newDeckPos] = state->deck[player][card];
       40:  217:    newDeckPos++;
      268:  218:    for (i = card; i < state->deckCount[player]-1; i++) {
branch  0 taken 70%
branch  1 taken 30%
       94:  219:      state->deck[player][i] = state->deck[player][i+1];
       94:  220:    }
       40:  221:    state->deckCount[player]--;
        -:  222:  }
       88:  223:  for (i = 0; i < newDeckPos; i++) {
branch  0 taken 91%
branch  1 taken 9%
       40:  224:    state->deck[player][i] = newDeck[i];
       40:  225:    state->deckCount[player]++;
       40:  226:  }
        -:  227:
        4:  228:  return 0;
        4:  229:}
        -:  230:
function playCard called 0 returned 0% blocks executed 0%
        -:  231:int playCard(int handPos, int choice1, int choice2, int choice3, struct gameState *state)
        -:  232:{
        -:  233:  int card;
    #####:  234:  int coin_bonus = 0; 		//tracks coins gain from actions
        -:  235:
        -:  236:  //check if it is the right phase
    #####:  237:  if (state->phase != 0)
branch  0 never executed
branch  1 never executed
        -:  238:    {
    #####:  239:      return -1;
        -:  240:    }
        -:  241:
        -:  242:  //check if player has enough actions
    #####:  243:  if ( state->numActions < 1 )
branch  0 never executed
branch  1 never executed
        -:  244:    {
    #####:  245:      return -1;
        -:  246:    }
        -:  247:
        -:  248:  //get card played
    #####:  249:  card = handCard(handPos, state);
        -:  250:
        -:  251:  //check if selected card is an action
    #####:  252:  if ( card < adventurer || card > treasure_map )
branch  0 never executed
branch  1 never executed
branch  2 never executed
branch  3 never executed
        -:  253:    {
    #####:  254:      return -1;
        -:  255:    }
        -:  256:
        -:  257:  //play card
    #####:  258:  if ( cardEffect(card, choice1, choice2, choice3, state, handPos, &coin_bonus) < 0 )
branch  0 never executed
branch  1 never executed
        -:  259:    {
    #####:  260:      return -1;
        -:  261:    }
        -:  262:
        -:  263:  //reduce number of actions
    #####:  264:  state->numActions--;
        -:  265:
        -:  266:  //update coins (Treasure cards may be added with card draws)
    #####:  267:  updateCoins(state->whoseTurn, state, coin_bonus);
        -:  268:
    #####:  269:  return 0;
    #####:  270:}
        -:  271:
function buyCard called 0 returned 0% blocks executed 0%
        -:  272:int buyCard(int supplyPos, struct gameState *state) {
        -:  273:  int who;
        -:  274:  if (DEBUG){
        -:  275:    printf("Entering buyCard...\n");
        -:  276:  }
        -:  277:
        -:  278:  // I don't know what to do about the phase thing.
        -:  279:
    #####:  280:  who = state->whoseTurn;
        -:  281:
    #####:  282:  if (state->numBuys < 1){
branch  0 never executed
branch  1 never executed
        -:  283:    if (DEBUG)
        -:  284:      printf("You do not have any buys left\n");
    #####:  285:    return -1;
    #####:  286:  } else if (supplyCount(supplyPos, state) <1){
branch  0 never executed
branch  1 never executed
        -:  287:    if (DEBUG)
        -:  288:      printf("There are not any of that type of card left\n");
    #####:  289:    return -1;
    #####:  290:  } else if (state->coins < getCost(supplyPos)){
branch  0 never executed
branch  1 never executed
        -:  291:    if (DEBUG)
        -:  292:      printf("You do not have enough money to buy that. You have %d coins.\n", state->coins);
    #####:  293:    return -1;
        -:  294:  } else {
    #####:  295:    state->phase=1;
        -:  296:    //state->supplyCount[supplyPos]--;
    #####:  297:    gainCard(supplyPos, state, 0, who); //card goes in discard, this might be wrong.. (2 means goes into hand, 0 goes into discard)
        -:  298:
    #####:  299:    state->coins = (state->coins) - (getCost(supplyPos));
    #####:  300:    state->numBuys--;
        -:  301:    if (DEBUG)
        -:  302:      printf("You bought card number %d for %d coins. You now have %d buys and %d coins.\n", supplyPos, getCost(supplyPos), state->numBuys, state->coins);
        -:  303:  }
        -:  304:
        -:  305:  //state->discard[who][state->discardCount[who]] = supplyPos;
        -:  306:  //state->discardCount[who]++;
        -:  307:
    #####:  308:  return 0;
    #####:  309:}
        -:  310:
function numHandCards called 0 returned 0% blocks executed 0%
        -:  311:int numHandCards(struct gameState *state) {
    #####:  312:  return state->handCount[ whoseTurn(state) ];
        -:  313:}
        -:  314:
function handCard called 0 returned 0% blocks executed 0%
        -:  315:int handCard(int handPos, struct gameState *state) {
    #####:  316:  int currentPlayer = whoseTurn(state);
    #####:  317:  return state->hand[currentPlayer][handPos];
        -:  318:}
        -:  319:
function supplyCount called 0 returned 0% blocks executed 0%
        -:  320:int supplyCount(int card, struct gameState *state) {
    #####:  321:  return state->supplyCount[card];
        -:  322:}
        -:  323:
function fullDeckCount called 0 returned 0% blocks executed 0%
        -:  324:int fullDeckCount(int player, int card, struct gameState *state) {
        -:  325:  int i;
    #####:  326:  int count = 0;
        -:  327:
    #####:  328:  for (i = 0; i < state->deckCount[player]; i++)
branch  0 never executed
branch  1 never executed
        -:  329:    {
    #####:  330:      if (state->deck[player][i] == card) count++;
branch  0 never executed
branch  1 never executed
    #####:  331:    }
        -:  332:
    #####:  333:  for (i = 0; i < state->handCount[player]; i++)
branch  0 never executed
branch  1 never executed
        -:  334:    {
    #####:  335:      if (state->hand[player][i] == card) count++;
branch  0 never executed
branch  1 never executed
    #####:  336:    }
        -:  337:
    #####:  338:  for (i = 0; i < state->discardCount[player]; i++)
branch  0 never executed
branch  1 never executed
        -:  339:    {
    #####:  340:      if (state->discard[player][i] == card) count++;
branch  0 never executed
branch  1 never executed
    #####:  341:    }
        -:  342:
    #####:  343:  return count;
        -:  344:}
        -:  345:
function whoseTurn called 5 returned 100% blocks executed 100%
        -:  346:int whoseTurn(struct gameState *state) {
        5:  347:  return state->whoseTurn;
        -:  348:}
        -:  349:
function endTurn called 0 returned 0% blocks executed 0%
        -:  350:int endTurn(struct gameState *state) {
        -:  351:  int k;
        -:  352:  int i;
    #####:  353:  int currentPlayer = whoseTurn(state);
        -:  354:
        -:  355:  //Discard hand
    #####:  356:  for (i = 0; i < state->handCount[currentPlayer]; i++){
branch  0 never executed
branch  1 never executed
    #####:  357:    state->discard[currentPlayer][state->discardCount[currentPlayer]++] = state->hand[currentPlayer][i];//Discard
    #####:  358:    state->hand[currentPlayer][i] = -1;//Set card to -1
    #####:  359:  }
    #####:  360:  state->handCount[currentPlayer] = 0;//Reset hand count
        -:  361:
        -:  362:  //Code for determining the player
    #####:  363:  if (currentPlayer < (state->numPlayers - 1)){
branch  0 never executed
branch  1 never executed
    #####:  364:    state->whoseTurn = currentPlayer + 1;//Still safe to increment
    #####:  365:  }
        -:  366:  else{
    #####:  367:    state->whoseTurn = 0;//Max player has been reached, loop back around to player 1
        -:  368:  }
        -:  369:
    #####:  370:  state->outpostPlayed = 0;
    #####:  371:  state->phase = 0;
    #####:  372:  state->numActions = 1;
    #####:  373:  state->coins = 0;
    #####:  374:  state->numBuys = 1;
    #####:  375:  state->playedCardCount = 0;
    #####:  376:  state->handCount[state->whoseTurn] = 0;
        -:  377:
        -:  378:  //int k; move to top
        -:  379:  //Next player draws hand
    #####:  380:  for (k = 0; k < 5; k++){
branch  0 never executed
branch  1 never executed
    #####:  381:    drawCard(state->whoseTurn, state);//Draw a card
    #####:  382:  }
        -:  383:
        -:  384:  //Update money
    #####:  385:  updateCoins(state->whoseTurn, state , 0);
        -:  386:
    #####:  387:  return 0;
        -:  388:}
        -:  389:
function isGameOver called 0 returned 0% blocks executed 0%
        -:  390:int isGameOver(struct gameState *state) {
        -:  391:  int i;
        -:  392:  int j;
        -:  393:
        -:  394:  //if stack of Province cards is empty, the game ends
    #####:  395:  if (state->supplyCount[province] == 0)
branch  0 never executed
branch  1 never executed
        -:  396:    {
    #####:  397:      return 1;
        -:  398:    }
        -:  399:
        -:  400:  //if three supply pile are at 0, the game ends
    #####:  401:  j = 0;
    #####:  402:  for (i = 0; i < 25; i++)
branch  0 never executed
branch  1 never executed
        -:  403:    {
    #####:  404:      if (state->supplyCount[i] == 0)
branch  0 never executed
branch  1 never executed
        -:  405:	{
    #####:  406:	  j++;
    #####:  407:	}
    #####:  408:    }
    #####:  409:  if ( j >= 3)
branch  0 never executed
branch  1 never executed
        -:  410:    {
    #####:  411:      return 1;
        -:  412:    }
        -:  413:
    #####:  414:  return 0;
    #####:  415:}
        -:  416:
function scoreFor called 0 returned 0% blocks executed 0%
        -:  417:int scoreFor (int player, struct gameState *state) {
        -:  418:
        -:  419:  int i;
    #####:  420:  int score = 0;
        -:  421:  //score from hand
    #####:  422:  for (i = 0; i < state->handCount[player]; i++)
branch  0 never executed
branch  1 never executed
        -:  423:    {
    #####:  424:      if (state->hand[player][i] == curse) { score = score - 1; };
branch  0 never executed
branch  1 never executed
    #####:  425:      if (state->hand[player][i] == estate) { score = score + 1; };
branch  0 never executed
branch  1 never executed
    #####:  426:      if (state->hand[player][i] == duchy) { score = score + 3; };
branch  0 never executed
branch  1 never executed
    #####:  427:      if (state->hand[player][i] == province) { score = score + 6; };
branch  0 never executed
branch  1 never executed
    #####:  428:      if (state->hand[player][i] == great_hall) { score = score + 1; };
branch  0 never executed
branch  1 never executed
    #####:  429:      if (state->hand[player][i] == gardens) { score = score + ( fullDeckCount(player, 0, state) / 10 ); };
branch  0 never executed
branch  1 never executed
    #####:  430:    }
        -:  431:
        -:  432:  //score from discard
    #####:  433:  for (i = 0; i < state->discardCount[player]; i++)
branch  0 never executed
branch  1 never executed
        -:  434:    {
    #####:  435:      if (state->discard[player][i] == curse) { score = score - 1; };
branch  0 never executed
branch  1 never executed
    #####:  436:      if (state->discard[player][i] == estate) { score = score + 1; };
branch  0 never executed
branch  1 never executed
    #####:  437:      if (state->discard[player][i] == duchy) { score = score + 3; };
branch  0 never executed
branch  1 never executed
    #####:  438:      if (state->discard[player][i] == province) { score = score + 6; };
branch  0 never executed
branch  1 never executed
    #####:  439:      if (state->discard[player][i] == great_hall) { score = score + 1; };
branch  0 never executed
branch  1 never executed
    #####:  440:      if (state->discard[player][i] == gardens) { score = score + ( fullDeckCount(player, 0, state) / 10 ); };
branch  0 never executed
branch  1 never executed
    #####:  441:    }
        -:  442:
        -:  443:  //score from deck
    #####:  444:  for (i = 0; i < state->discardCount[player]; i++)
branch  0 never executed
branch  1 never executed
        -:  445:    {
    #####:  446:      if (state->deck[player][i] == curse) { score = score - 1; };
branch  0 never executed
branch  1 never executed
    #####:  447:      if (state->deck[player][i] == estate) { score = score + 1; };
branch  0 never executed
branch  1 never executed
    #####:  448:      if (state->deck[player][i] == duchy) { score = score + 3; };
branch  0 never executed
branch  1 never executed
    #####:  449:      if (state->deck[player][i] == province) { score = score + 6; };
branch  0 never executed
branch  1 never executed
    #####:  450:      if (state->deck[player][i] == great_hall) { score = score + 1; };
branch  0 never executed
branch  1 never executed
    #####:  451:      if (state->deck[player][i] == gardens) { score = score + ( fullDeckCount(player, 0, state) / 10 ); };
branch  0 never executed
branch  1 never executed
    #####:  452:    }
        -:  453:
    #####:  454:  return score;
        -:  455:}
        -:  456:
function getWinners called 0 returned 0% blocks executed 0%
        -:  457:int getWinners(int players[MAX_PLAYERS], struct gameState *state) {
        -:  458:  int i;
        -:  459:  int j;
        -:  460:  int highScore;
        -:  461:  int currentPlayer;
        -:  462:
        -:  463:  //get score for each player
    #####:  464:  for (i = 0; i < MAX_PLAYERS; i++)
branch  0 never executed
branch  1 never executed
        -:  465:    {
        -:  466:      //set unused player scores to -9999
    #####:  467:      if (i >= state->numPlayers)
branch  0 never executed
branch  1 never executed
        -:  468:	{
    #####:  469:	  players[i] = -9999;
    #####:  470:	}
        -:  471:      else
        -:  472:	{
    #####:  473:	  players[i] = scoreFor (i, state);
        -:  474:	}
    #####:  475:    }
        -:  476:
        -:  477:  //find highest score
    #####:  478:  j = 0;
    #####:  479:  for (i = 0; i < MAX_PLAYERS; i++)
branch  0 never executed
branch  1 never executed
        -:  480:    {
    #####:  481:      if (players[i] > players[j])
branch  0 never executed
branch  1 never executed
        -:  482:	{
    #####:  483:	  j = i;
    #####:  484:	}
    #####:  485:    }
    #####:  486:  highScore = players[j];
        -:  487:
        -:  488:  //add 1 to players who had less turns
    #####:  489:  currentPlayer = whoseTurn(state);
    #####:  490:  for (i = 0; i < MAX_PLAYERS; i++)
branch  0 never executed
branch  1 never executed
        -:  491:    {
    #####:  492:      if ( players[i] == highScore && i > currentPlayer )
branch  0 never executed
branch  1 never executed
branch  2 never executed
branch  3 never executed
        -:  493:	{
    #####:  494:	  players[i]++;
    #####:  495:	}
    #####:  496:    }
        -:  497:
        -:  498:  //find new highest score
    #####:  499:  j = 0;
    #####:  500:  for (i = 0; i < MAX_PLAYERS; i++)
branch  0 never executed
branch  1 never executed
        -:  501:    {
    #####:  502:      if ( players[i] > players[j] )
branch  0 never executed
branch  1 never executed
        -:  503:	{
    #####:  504:	  j = i;
    #####:  505:	}
    #####:  506:    }
    #####:  507:  highScore = players[j];
        -:  508:
        -:  509:  //set winners in array to 1 and rest to 0
    #####:  510:  for (i = 0; i < MAX_PLAYERS; i++)
branch  0 never executed
branch  1 never executed
        -:  511:    {
    #####:  512:      if ( players[i] == highScore )
branch  0 never executed
branch  1 never executed
        -:  513:	{
    #####:  514:	  players[i] = 1;
    #####:  515:	}
        -:  516:      else
        -:  517:	{
    #####:  518:	  players[i] = 0;
        -:  519:	}
    #####:  520:    }
        -:  521:
    #####:  522:  return 0;
        -:  523:}
        -:  524:
function drawCard called 14 returned 100% blocks executed 41%
        -:  525:int drawCard(int player, struct gameState *state)
        -:  526:{	int count;
        -:  527:  int deckCounter;
       14:  528:  if (state->deckCount[player] <= 0){//Deck is empty
branch  0 taken 0%
branch  1 taken 100%
        -:  529:
        -:  530:    //Step 1 Shuffle the discard pile back into a deck
        -:  531:    int i;
        -:  532:    //Move discard to deck
    #####:  533:    for (i = 0; i < state->discardCount[player];i++){
branch  0 never executed
branch  1 never executed
    #####:  534:      state->deck[player][i] = state->discard[player][i];
    #####:  535:      state->discard[player][i] = -1;
    #####:  536:    }
        -:  537:
    #####:  538:    state->deckCount[player] = state->discardCount[player];
    #####:  539:    state->discardCount[player] = 0;//Reset discard
        -:  540:
        -:  541:    //Shufffle the deck
    #####:  542:    shuffle(player, state);//Shuffle the deck up and make it so that we can draw
        -:  543:
        -:  544:    if (DEBUG){//Debug statements
        -:  545:      printf("Deck count now: %d\n", state->deckCount[player]);
        -:  546:    }
        -:  547:
    #####:  548:    state->discardCount[player] = 0;
        -:  549:
        -:  550:    //Step 2 Draw Card
    #####:  551:    count = state->handCount[player];//Get current player's hand count
        -:  552:
        -:  553:    if (DEBUG){//Debug statements
        -:  554:      printf("Current hand count: %d\n", count);
        -:  555:    }
        -:  556:
    #####:  557:    deckCounter = state->deckCount[player];//Create a holder for the deck count
        -:  558:
    #####:  559:    if (deckCounter == 0)
branch  0 never executed
branch  1 never executed
    #####:  560:      return -1;
        -:  561:
    #####:  562:    state->hand[player][count] = state->deck[player][deckCounter - 1];//Add card to hand
    #####:  563:    state->deckCount[player]--;
    #####:  564:    state->handCount[player]++;//Increment hand count
    #####:  565:  }
        -:  566:
        -:  567:  else{
       14:  568:    int count = state->handCount[player];//Get current hand count for player
        -:  569:    int deckCounter;
        -:  570:    if (DEBUG){//Debug statements
        -:  571:      printf("Current hand count: %d\n", count);
        -:  572:    }
        -:  573:
       14:  574:    deckCounter = state->deckCount[player];//Create holder for the deck count
       14:  575:    state->hand[player][count] = state->deck[player][deckCounter - 1];//Add card to the hand
       14:  576:    state->deckCount[player]--;
       14:  577:    state->handCount[player]++;//Increment hand count
        -:  578:  }
        -:  579:
       14:  580:  return 0;
       14:  581:}
        -:  582:
function getCost called 10 returned 100% blocks executed 41%
        -:  583:int getCost(int cardNumber)
        -:  584:{
       10:  585:  switch( cardNumber )
branch  0 taken 0%
branch  1 taken 0%
branch  2 taken 0%
branch  3 taken 0%
branch  4 taken 0%
branch  5 taken 0%
branch  6 taken 0%
branch  7 taken 10%
branch  8 taken 10%
branch  9 taken 10%
branch 10 taken 10%
branch 11 taken 10%
branch 12 taken 10%
branch 13 taken 10%
branch 14 taken 10%
branch 15 taken 10%
branch 16 taken 10%
branch 17 taken 0%
branch 18 taken 0%
branch 19 taken 0%
branch 20 taken 0%
branch 21 taken 0%
branch 22 taken 0%
branch 23 taken 0%
branch 24 taken 0%
branch 25 taken 0%
branch 26 taken 0%
branch 27 taken 0%
        -:  586:    {
        -:  587:    case curse:
    #####:  588:      return 0;
        -:  589:    case estate:
    #####:  590:      return 2;
        -:  591:    case duchy:
    #####:  592:      return 5;
        -:  593:    case province:
    #####:  594:      return 8;
        -:  595:    case copper:
    #####:  596:      return 0;
        -:  597:    case silver:
    #####:  598:      return 3;
        -:  599:    case gold:
    #####:  600:      return 6;
        -:  601:    case adventurer:
        1:  602:      return 6;
        -:  603:    case council_room:
        1:  604:      return 5;
        -:  605:    case feast:
        1:  606:      return 4;
        -:  607:    case gardens:
        1:  608:      return 4;
        -:  609:    case mine:
        1:  610:      return 5;
        -:  611:    case remodel:
        1:  612:      return 4;
        -:  613:    case smithy:
        1:  614:      return 4;
        -:  615:    case village:
        1:  616:      return 3;
        -:  617:    case baron:
        1:  618:      return 4;
        -:  619:    case great_hall:
        1:  620:      return 3;
        -:  621:    case minion:
    #####:  622:      return 5;
        -:  623:    case steward:
    #####:  624:      return 3;
        -:  625:    case tribute:
    #####:  626:      return 5;
        -:  627:    case ambassador:
    #####:  628:      return 3;
        -:  629:    case cutpurse:
    #####:  630:      return 4;
        -:  631:    case embargo:
    #####:  632:      return 2;
        -:  633:    case outpost:
    #####:  634:      return 5;
        -:  635:    case salvager:
    #####:  636:      return 4;
        -:  637:    case sea_hag:
    #####:  638:      return 4;
        -:  639:    case treasure_map:
    #####:  640:      return 4;
        -:  641:    }
        -:  642:
    #####:  643:  return -1;
       10:  644:}
        -:  645://////////////////////////
        -:  646:// Putting refactors/bugs here!
        -:  647://////////////////////////
        -:  648:
        -:  649://Refactored Embargo only adds 1 coin instead of 2
function playEmbargo called 0 returned 0% blocks executed 0%
        -:  650:int playEmbargo(int handPos, int currentPlayer, struct gameState *state){
    #####:  651:  int choice1 = 1;
        -:  652:  //+2 Coins
    #####:  653:  state->coins = state->coins + 1;
        -:  654:  //see if selected pile is in play
    #####:  655:  if ( state->supplyCount[choice1] == -1 )
branch  0 never executed
branch  1 never executed
        -:  656:  {
    #####:  657:    return -1;
        -:  658:  }
        -:  659:  //add embargo token to selected supply pile
    #####:  660:  state->embargoTokens[choice1]++;
        -:  661:  //trash card
    #####:  662:  discardCard(handPos, currentPlayer, state, 1);
    #####:  663:  return 0;
    #####:  664:}
        -:  665:
        -:  666://Refactored village gives you your actions but does not draw a card
        -:  667://because it was "accidentally" commented out
function playVillage called 0 returned 0% blocks executed 0%
        -:  668:int playVillage(int handPos, int currentPlayer, struct gameState *state){
        -:  669:  //+1 Card
        -:  670:  //drawCard(currentPlayer, state);
        -:  671:  //+2 Actions
    #####:  672:  state->numActions = state->numActions + 2;
        -:  673:
        -:  674:  //discard played card from hand
    #####:  675:  discardCard(handPos, currentPlayer,state, 0);
    #####:  676:  return 0;
        -:  677:}
        -:  678://Refactored Smithy! He will give us 4 cards instead of 3.
        -:  679://Talk about overpowered!
function playSmithy called 1 returned 100% blocks executed 100%
        -:  680:int playSmithy(int handPos, int currentPlayer, struct gameState *state){
        -:  681:  int i;
        -:  682:  //+4 Cards
       10:  683:  for (i = 0; i < 4; i++)
branch  0 taken 80%
branch  1 taken 20%
        -:  684:  {
        4:  685:    drawCard(currentPlayer, state);
        4:  686:  }
        -:  687:
        -:  688:  //discard card from hand
        1:  689:  discardCard(handPos, currentPlayer, state, 0);
        1:  690:  return 0;
        -:  691:}
        -:  692://Refactored Adventurer:
        -:  693://The drawntreasure variable starts at 2 instead of 0, so the logic will assume
        -:  694://we already had one drawn even through we didn't
function playAdventurer called 1 returned 100% blocks executed 40%
        -:  695:int playAdventurer(int currentPlayer, int temphand[MAX_HAND], struct gameState *state){
        -:  696:  int cardDrawn;
        1:  697:  int drawntreasure = 2;
        1:  698:  int z = 0;
        2:  699:  while(drawntreasure<2){
branch  0 taken 0%
branch  1 taken 100%
    #####:  700:    if (state->deckCount[currentPlayer] <1){//if the deck is empty we need to shuffle discard and add to deck
branch  0 never executed
branch  1 never executed
    #####:  701:      shuffle(currentPlayer, state);
    #####:  702:    }
    #####:  703:    drawCard(currentPlayer, state);
    #####:  704:    cardDrawn = state->hand[currentPlayer][state->handCount[currentPlayer]-1];//top card of hand is most recently drawn card.
    #####:  705:    if (cardDrawn == copper || cardDrawn == silver || cardDrawn == gold)
branch  0 never executed
branch  1 never executed
branch  2 never executed
branch  3 never executed
branch  4 never executed
branch  5 never executed
    #####:  706:      drawntreasure++;
        -:  707:    else{
    #####:  708:      temphand[z]=cardDrawn;
    #####:  709:      state->handCount[currentPlayer]--; //this should just remove the top card (the most recently drawn one).
    #####:  710:      z++;
        -:  711:    }
        -:  712:  }
        2:  713:  while(z-1>=0){
branch  0 taken 0%
branch  1 taken 100%
    #####:  714:    state->discard[currentPlayer][state->discardCount[currentPlayer]++]=temphand[z-1]; // discard all cards in play that have been drawn
    #####:  715:    z=z-1;
        -:  716:  }
        1:  717:  return 0;
        -:  718:}
        -:  719://END Bug creation
function playSalvager called 0 returned 0% blocks executed 0%
        -:  720:int playSalvager(int handPos, int currentPlayer, struct gameState *state){
    #####:  721:  int choice1 = 1;
        -:  722:  //+1 buy
    #####:  723:  state->numBuys++;
        -:  724:
    #####:  725:  if (choice1)
branch  0 never executed
branch  1 never executed
        -:  726:  {
        -:  727:    //gain coins equal to trashed card
    #####:  728:    state->coins = state->coins + getCost( handCard(choice1, state) );
        -:  729:    //trash card
    #####:  730:    discardCard(choice1, currentPlayer, state, 1);
    #####:  731:  }
        -:  732:  //discard card
    #####:  733:  discardCard(handPos, currentPlayer, state, 0);
    #####:  734:  return 0;
        -:  735:}
        -:  736://END refactoring
        -:  737:
function cardEffect called 4 returned 100% blocks executed 3%
        -:  738:int cardEffect(int card, int choice1, int choice2, int choice3, struct gameState *state, int handPos, int *bonus)
        -:  739:{
        -:  740:  int i;
        -:  741:  int j;
        -:  742:  int k;
        -:  743:  int x;
        -:  744:  int index;
        4:  745:  int currentPlayer = whoseTurn(state);
        4:  746:  int nextPlayer = currentPlayer + 1;
        -:  747:
        4:  748:  int tributeRevealedCards[2] = {-1, -1};
        -:  749:  int temphand[MAX_HAND];// moved above the if statement
        4:  750:  if (nextPlayer > (state->numPlayers - 1)){
branch  0 taken 0%
branch  1 taken 100%
    #####:  751:    nextPlayer = 0;
    #####:  752:  }
        -:  753:
        -:  754:
        -:  755:  //uses switch to select card and perform actions
        4:  756:  switch( card )
branch  0 taken 25%
branch  1 taken 0%
branch  2 taken 0%
branch  3 taken 25%
branch  4 taken 0%
branch  5 taken 0%
branch  6 taken 25%
branch  7 taken 0%
branch  8 taken 0%
branch  9 taken 0%
branch 10 taken 0%
branch 11 taken 0%
branch 12 taken 0%
branch 13 taken 0%
branch 14 taken 0%
branch 15 taken 0%
branch 16 taken 25%
branch 17 taken 0%
branch 18 taken 0%
branch 19 taken 0%
branch 20 taken 0%
        -:  757:    {
        -:  758:    case adventurer:
        1:  759:      return playAdventurer(currentPlayer, temphand, state);
        -:  760:
        -:  761:    case council_room:
        -:  762:      //+4 Cards
    #####:  763:      for (i = 0; i < 4; i++)
branch  0 never executed
branch  1 never executed
        -:  764:	{
    #####:  765:	  drawCard(currentPlayer, state);
    #####:  766:	}
        -:  767:
        -:  768:      //+1 Buy
    #####:  769:      state->numBuys++;
        -:  770:
        -:  771:      //Each other player draws a card
    #####:  772:      for (i = 0; i < state->numPlayers; i++)
branch  0 never executed
branch  1 never executed
        -:  773:	{
    #####:  774:	  if ( i != currentPlayer )
branch  0 never executed
branch  1 never executed
        -:  775:	    {
    #####:  776:	      drawCard(i, state);
    #####:  777:	    }
    #####:  778:	}
        -:  779:
        -:  780:      //put played card in played card pile
    #####:  781:      discardCard(handPos, currentPlayer, state, 0);
        -:  782:
    #####:  783:      return 0;
        -:  784:
        -:  785:    case feast:
        -:  786:      //gain card with cost up to 5
        -:  787:      //Backup hand
    #####:  788:      for (i = 0; i <= state->handCount[currentPlayer]; i++){
branch  0 never executed
branch  1 never executed
    #####:  789:	temphand[i] = state->hand[currentPlayer][i];//Backup card
    #####:  790:	state->hand[currentPlayer][i] = -1;//Set to nothing
    #####:  791:      }
        -:  792:      //Backup hand
        -:  793:
        -:  794:      //Update Coins for Buy
    #####:  795:      updateCoins(currentPlayer, state, 5);
    #####:  796:      x = 1;//Condition to loop on
    #####:  797:      while( x == 1) {//Buy one card
branch  0 never executed
branch  1 never executed
    #####:  798:	if (supplyCount(choice1, state) <= 0){
branch  0 never executed
branch  1 never executed
        -:  799:	  if (DEBUG)
        -:  800:	    printf("None of that card left, sorry!\n");
        -:  801:
        -:  802:	  if (DEBUG){
        -:  803:	    printf("Cards Left: %d\n", supplyCount(choice1, state));
        -:  804:	  }
    #####:  805:	}
    #####:  806:	else if (state->coins < getCost(choice1)){
branch  0 never executed
branch  1 never executed
    #####:  807:	  printf("That card is too expensive!\n");
        -:  808:
        -:  809:	  if (DEBUG){
        -:  810:	    printf("Coins: %d < %d\n", state->coins, getCost(choice1));
        -:  811:	  }
    #####:  812:	}
        -:  813:	else{
        -:  814:
        -:  815:	  if (DEBUG){
        -:  816:	    printf("Deck Count: %d\n", state->handCount[currentPlayer] + state->deckCount[currentPlayer] + state->discardCount[currentPlayer]);
        -:  817:	  }
        -:  818:
    #####:  819:	  gainCard(choice1, state, 0, currentPlayer);//Gain the card
    #####:  820:	  x = 0;//No more buying cards
        -:  821:
        -:  822:	  if (DEBUG){
        -:  823:	    printf("Deck Count: %d\n", state->handCount[currentPlayer] + state->deckCount[currentPlayer] + state->discardCount[currentPlayer]);
        -:  824:	  }
        -:  825:
        -:  826:	}
        -:  827:      }
        -:  828:
        -:  829:      //Reset Hand
    #####:  830:      for (i = 0; i <= state->handCount[currentPlayer]; i++){
branch  0 never executed
branch  1 never executed
    #####:  831:	state->hand[currentPlayer][i] = temphand[i];
    #####:  832:	temphand[i] = -1;
    #####:  833:      }
        -:  834:      //Reset Hand
        -:  835:
    #####:  836:      return 0;
        -:  837:
        -:  838:    case gardens:
        1:  839:      return -1;
        -:  840:
        -:  841:    case mine:
    #####:  842:      j = state->hand[currentPlayer][choice1];  //store card we will trash
        -:  843:
    #####:  844:      if (state->hand[currentPlayer][choice1] < copper || state->hand[currentPlayer][choice1] > gold)
branch  0 never executed
branch  1 never executed
branch  2 never executed
branch  3 never executed
        -:  845:	{
    #####:  846:	  return -1;
        -:  847:	}
        -:  848:
    #####:  849:      if (choice2 > treasure_map || choice2 < curse)
branch  0 never executed
branch  1 never executed
branch  2 never executed
branch  3 never executed
        -:  850:	{
    #####:  851:	  return -1;
        -:  852:	}
        -:  853:
    #####:  854:      if ( (getCost(state->hand[currentPlayer][choice1]) + 3) > getCost(choice2) )
branch  0 never executed
branch  1 never executed
        -:  855:	{
    #####:  856:	  return -1;
        -:  857:	}
        -:  858:
    #####:  859:      gainCard(choice2, state, 2, currentPlayer);
        -:  860:
        -:  861:      //discard card from hand
    #####:  862:      discardCard(handPos, currentPlayer, state, 0);
        -:  863:
        -:  864:      //discard trashed card
    #####:  865:      for (i = 0; i < state->handCount[currentPlayer]; i++)
branch  0 never executed
branch  1 never executed
        -:  866:	{
    #####:  867:	  if (state->hand[currentPlayer][i] == j)
branch  0 never executed
branch  1 never executed
        -:  868:	    {
    #####:  869:	      discardCard(i, currentPlayer, state, 0);
    #####:  870:	      break;
        -:  871:	    }
    #####:  872:	}
        -:  873:
    #####:  874:      return 0;
        -:  875:
        -:  876:    case remodel:
    #####:  877:      j = state->hand[currentPlayer][choice1];  //store card we will trash
        -:  878:
    #####:  879:      if ( (getCost(state->hand[currentPlayer][choice1]) + 2) > getCost(choice2) )
branch  0 never executed
branch  1 never executed
        -:  880:	{
    #####:  881:	  return -1;
        -:  882:	}
        -:  883:
    #####:  884:      gainCard(choice2, state, 0, currentPlayer);
        -:  885:
        -:  886:      //discard card from hand
    #####:  887:      discardCard(handPos, currentPlayer, state, 0);
        -:  888:
        -:  889:      //discard trashed card
    #####:  890:      for (i = 0; i < state->handCount[currentPlayer]; i++)
branch  0 never executed
branch  1 never executed
        -:  891:	{
    #####:  892:	  if (state->hand[currentPlayer][i] == j)
branch  0 never executed
branch  1 never executed
        -:  893:	    {
    #####:  894:	      discardCard(i, currentPlayer, state, 0);
    #####:  895:	      break;
        -:  896:	    }
    #####:  897:	}
        -:  898:
        -:  899:
    #####:  900:      return 0;
        -:  901:
        -:  902:    case smithy:
        1:  903:      return playSmithy(handPos, currentPlayer, state);
        -:  904:
        -:  905:    case village:
    #####:  906:      return playVillage(handPos, currentPlayer, state);
        -:  907:
        -:  908:    case baron:
    #####:  909:      state->numBuys++;//Increase buys by 1!
    #####:  910:      if (choice1 > 0){//Boolean true or going to discard an estate
branch  0 never executed
branch  1 never executed
    #####:  911:	int p = 0;//Iterator for hand!
    #####:  912:	int card_not_discarded = 1;//Flag for discard set!
    #####:  913:	while(card_not_discarded){
branch  0 never executed
branch  1 never executed
    #####:  914:	  if (state->hand[currentPlayer][p] == estate){//Found an estate card!
branch  0 never executed
branch  1 never executed
    #####:  915:	    state->coins += 4;//Add 4 coins to the amount of coins
    #####:  916:	    state->discard[currentPlayer][state->discardCount[currentPlayer]] = state->hand[currentPlayer][p];
    #####:  917:	    state->discardCount[currentPlayer]++;
    #####:  918:	    for (;p < state->handCount[currentPlayer]; p++){
branch  0 never executed
branch  1 never executed
    #####:  919:	      state->hand[currentPlayer][p] = state->hand[currentPlayer][p+1];
    #####:  920:	    }
    #####:  921:	    state->hand[currentPlayer][state->handCount[currentPlayer]] = -1;
    #####:  922:	    state->handCount[currentPlayer]--;
    #####:  923:	    card_not_discarded = 0;//Exit the loop
    #####:  924:	  }
    #####:  925:	  else if (p > state->handCount[currentPlayer]){
branch  0 never executed
branch  1 never executed
        -:  926:	    if(DEBUG) {
        -:  927:	      printf("No estate cards in your hand, invalid choice\n");
        -:  928:	      printf("Must gain an estate if there are any\n");
        -:  929:	    }
    #####:  930:	    if (supplyCount(estate, state) > 0){
branch  0 never executed
branch  1 never executed
    #####:  931:	      gainCard(estate, state, 0, currentPlayer);
    #####:  932:	      state->supplyCount[estate]--;//Decrement estates
    #####:  933:	      if (supplyCount(estate, state) == 0){
branch  0 never executed
branch  1 never executed
    #####:  934:		isGameOver(state);
    #####:  935:	      }
    #####:  936:	    }
    #####:  937:	    card_not_discarded = 0;//Exit the loop
    #####:  938:	  }
        -:  939:
        -:  940:	  else{
    #####:  941:	    p++;//Next card
        -:  942:	  }
        -:  943:	}
    #####:  944:      }
        -:  945:
        -:  946:      else{
    #####:  947:	if (supplyCount(estate, state) > 0){
branch  0 never executed
branch  1 never executed
    #####:  948:	  gainCard(estate, state, 0, currentPlayer);//Gain an estate
    #####:  949:	  state->supplyCount[estate]--;//Decrement Estates
    #####:  950:	  if (supplyCount(estate, state) == 0){
branch  0 never executed
branch  1 never executed
    #####:  951:	    isGameOver(state);
    #####:  952:	  }
    #####:  953:	}
        -:  954:      }
        -:  955:
        -:  956:
    #####:  957:      return 0;
        -:  958:
        -:  959:    case great_hall:
        -:  960:      //+1 Card
    #####:  961:      drawCard(currentPlayer, state);
        -:  962:
        -:  963:      //+1 Actions
    #####:  964:      state->numActions++;
        -:  965:
        -:  966:      //discard card from hand
    #####:  967:      discardCard(handPos, currentPlayer, state, 0);
    #####:  968:      return 0;
        -:  969:
        -:  970:    case minion:
        -:  971:      //+1 action
    #####:  972:      state->numActions++;
        -:  973:
        -:  974:      //discard card from hand
    #####:  975:      discardCard(handPos, currentPlayer, state, 0);
        -:  976:
    #####:  977:      if (choice1)		//+2 coins
branch  0 never executed
branch  1 never executed
        -:  978:	{
    #####:  979:	  state->coins = state->coins + 2;
    #####:  980:	}
        -:  981:
    #####:  982:      else if (choice2)		//discard hand, redraw 4, other players with 5+ cards discard hand and draw 4
branch  0 never executed
branch  1 never executed
        -:  983:	{
        -:  984:	  //discard hand
    #####:  985:	  while(numHandCards(state) > 0)
branch  0 never executed
branch  1 never executed
        -:  986:	    {
    #####:  987:	      discardCard(handPos, currentPlayer, state, 0);
        -:  988:	    }
        -:  989:
        -:  990:	  //draw 4
    #####:  991:	  for (i = 0; i < 4; i++)
branch  0 never executed
branch  1 never executed
        -:  992:	    {
    #####:  993:	      drawCard(currentPlayer, state);
    #####:  994:	    }
        -:  995:
        -:  996:	  //other players discard hand and redraw if hand size > 4
    #####:  997:	  for (i = 0; i < state->numPlayers; i++)
branch  0 never executed
branch  1 never executed
        -:  998:	    {
    #####:  999:	      if (i != currentPlayer)
branch  0 never executed
branch  1 never executed
        -: 1000:		{
    #####: 1001:		  if ( state->handCount[i] > 4 )
branch  0 never executed
branch  1 never executed
        -: 1002:		    {
        -: 1003:		      //discard hand
    #####: 1004:		      while( state->handCount[i] > 0 )
branch  0 never executed
branch  1 never executed
        -: 1005:			{
    #####: 1006:			  discardCard(handPos, i, state, 0);
        -: 1007:			}
        -: 1008:
        -: 1009:		      //draw 4
    #####: 1010:		      for (j = 0; j < 4; j++)
branch  0 never executed
branch  1 never executed
        -: 1011:			{
    #####: 1012:			  drawCard(i, state);
    #####: 1013:			}
    #####: 1014:		    }
    #####: 1015:		}
    #####: 1016:	    }
        -: 1017:
    #####: 1018:	}
    #####: 1019:      return 0;
        -: 1020:
        -: 1021:    case steward:
    #####: 1022:      if (choice1 == 1)
branch  0 never executed
branch  1 never executed
        -: 1023:	{
        -: 1024:	  //+2 cards
    #####: 1025:	  drawCard(currentPlayer, state);
    #####: 1026:	  drawCard(currentPlayer, state);
    #####: 1027:	}
    #####: 1028:      else if (choice1 == 2)
branch  0 never executed
branch  1 never executed
        -: 1029:	{
        -: 1030:	  //+2 coins
    #####: 1031:	  state->coins = state->coins + 2;
    #####: 1032:	}
        -: 1033:      else
        -: 1034:	{
        -: 1035:	  //trash 2 cards in hand
    #####: 1036:	  discardCard(choice2, currentPlayer, state, 1);
    #####: 1037:	  discardCard(choice3, currentPlayer, state, 1);
        -: 1038:	}
        -: 1039:
        -: 1040:      //discard card from hand
    #####: 1041:      discardCard(handPos, currentPlayer, state, 0);
    #####: 1042:      return 0;
        -: 1043:
        -: 1044:    case tribute:
    #####: 1045:      if ((state->discardCount[nextPlayer] + state->deckCount[nextPlayer]) <= 1){
branch  0 never executed
branch  1 never executed
    #####: 1046:	if (state->deckCount[nextPlayer] > 0){
branch  0 never executed
branch  1 never executed
    #####: 1047:	  tributeRevealedCards[0] = state->deck[nextPlayer][state->deckCount[nextPlayer]-1];
    #####: 1048:	  state->deckCount[nextPlayer]--;
    #####: 1049:	}
    #####: 1050:	else if (state->discardCount[nextPlayer] > 0){
branch  0 never executed
branch  1 never executed
    #####: 1051:	  tributeRevealedCards[0] = state->discard[nextPlayer][state->discardCount[nextPlayer]-1];
    #####: 1052:	  state->discardCount[nextPlayer]--;
    #####: 1053:	}
        -: 1054:	else{
        -: 1055:	  //No Card to Reveal
        -: 1056:	  if (DEBUG){
        -: 1057:	    printf("No cards to reveal\n");
        -: 1058:	  }
        -: 1059:	}
    #####: 1060:      }
        -: 1061:
        -: 1062:      else{
    #####: 1063:	if (state->deckCount[nextPlayer] == 0){
branch  0 never executed
branch  1 never executed
    #####: 1064:	  for (i = 0; i < state->discardCount[nextPlayer]; i++){
branch  0 never executed
branch  1 never executed
    #####: 1065:	    state->deck[nextPlayer][i] = state->discard[nextPlayer][i];//Move to deck
    #####: 1066:	    state->deckCount[nextPlayer]++;
    #####: 1067:	    state->discard[nextPlayer][i] = -1;
    #####: 1068:	    state->discardCount[nextPlayer]--;
    #####: 1069:	  }
        -: 1070:
    #####: 1071:	  shuffle(nextPlayer,state);//Shuffle the deck
    #####: 1072:	}
    #####: 1073:	tributeRevealedCards[0] = state->deck[nextPlayer][state->deckCount[nextPlayer]-1];
    #####: 1074:	state->deck[nextPlayer][state->deckCount[nextPlayer]--] = -1;
    #####: 1075:	state->deckCount[nextPlayer]--;
    #####: 1076:	tributeRevealedCards[1] = state->deck[nextPlayer][state->deckCount[nextPlayer]-1];
    #####: 1077:	state->deck[nextPlayer][state->deckCount[nextPlayer]--] = -1;
    #####: 1078:	state->deckCount[nextPlayer]--;
        -: 1079:      }
        -: 1080:
    #####: 1081:      if (tributeRevealedCards[0] == tributeRevealedCards[1]){//If we have a duplicate card, just drop one
branch  0 never executed
branch  1 never executed
    #####: 1082:	state->playedCards[state->playedCardCount] = tributeRevealedCards[1];
    #####: 1083:	state->playedCardCount++;
    #####: 1084:	tributeRevealedCards[1] = -1;
    #####: 1085:      }
        -: 1086:
    #####: 1087:      for (i = 0; i <= 2; i ++){
branch  0 never executed
branch  1 never executed
    #####: 1088:	if (tributeRevealedCards[i] == copper || tributeRevealedCards[i] == silver || tributeRevealedCards[i] == gold){//Treasure cards
branch  0 never executed
branch  1 never executed
branch  2 never executed
branch  3 never executed
branch  4 never executed
branch  5 never executed
    #####: 1089:	  state->coins += 2;
    #####: 1090:	}
        -: 1091:
    #####: 1092:	else if (tributeRevealedCards[i] == estate || tributeRevealedCards[i] == duchy || tributeRevealedCards[i] == province || tributeRevealedCards[i] == gardens || tributeRevealedCards[i] == great_hall){//Victory Card Found
branch  0 never executed
branch  1 never executed
branch  2 never executed
branch  3 never executed
branch  4 never executed
branch  5 never executed
branch  6 never executed
branch  7 never executed
branch  8 never executed
branch  9 never executed
    #####: 1093:	  drawCard(currentPlayer, state);
    #####: 1094:	  drawCard(currentPlayer, state);
    #####: 1095:	}
        -: 1096:	else{//Action Card
    #####: 1097:	  state->numActions = state->numActions + 2;
        -: 1098:	}
    #####: 1099:      }
        -: 1100:
    #####: 1101:      return 0;
        -: 1102:
        -: 1103:    case ambassador:
    #####: 1104:      j = 0;		//used to check if player has enough cards to discard
        -: 1105:
    #####: 1106:      if (choice2 > 2 || choice2 < 0)
branch  0 never executed
branch  1 never executed
branch  2 never executed
branch  3 never executed
        -: 1107:	{
    #####: 1108:	  return -1;
        -: 1109:	}
        -: 1110:
    #####: 1111:      if (choice1 == handPos)
branch  0 never executed
branch  1 never executed
        -: 1112:	{
    #####: 1113:	  return -1;
        -: 1114:	}
        -: 1115:
    #####: 1116:      for (i = 0; i < state->handCount[currentPlayer]; i++)
branch  0 never executed
branch  1 never executed
        -: 1117:	{
    #####: 1118:	  if (i != handPos && i == state->hand[currentPlayer][choice1] && i != choice1)
branch  0 never executed
branch  1 never executed
branch  2 never executed
branch  3 never executed
branch  4 never executed
branch  5 never executed
        -: 1119:	    {
    #####: 1120:	      j++;
    #####: 1121:	    }
    #####: 1122:	}
    #####: 1123:      if (j < choice2)
branch  0 never executed
branch  1 never executed
        -: 1124:	{
    #####: 1125:	  return -1;
        -: 1126:	}
        -: 1127:
        -: 1128:      if (DEBUG)
        -: 1129:	printf("Player %d reveals card number: %d\n", currentPlayer, state->hand[currentPlayer][choice1]);
        -: 1130:
        -: 1131:      //increase supply count for choosen card by amount being discarded
    #####: 1132:      state->supplyCount[state->hand[currentPlayer][choice1]] += choice2;
        -: 1133:
        -: 1134:      //each other player gains a copy of revealed card
    #####: 1135:      for (i = 0; i < state->numPlayers; i++)
branch  0 never executed
branch  1 never executed
        -: 1136:	{
    #####: 1137:	  if (i != currentPlayer)
branch  0 never executed
branch  1 never executed
        -: 1138:	    {
    #####: 1139:	      gainCard(state->hand[currentPlayer][choice1], state, 0, i);
    #####: 1140:	    }
    #####: 1141:	}
        -: 1142:
        -: 1143:      //discard played card from hand
    #####: 1144:      discardCard(handPos, currentPlayer, state, 0);
        -: 1145:
        -: 1146:      //trash copies of cards returned to supply
    #####: 1147:      for (j = 0; j < choice2; j++)
branch  0 never executed
branch  1 never executed
        -: 1148:	{
    #####: 1149:	  for (i = 0; i < state->handCount[currentPlayer]; i++)
branch  0 never executed
branch  1 never executed
        -: 1150:	    {
    #####: 1151:	      if (state->hand[currentPlayer][i] == state->hand[currentPlayer][choice1])
branch  0 never executed
branch  1 never executed
        -: 1152:		{
    #####: 1153:		  discardCard(i, currentPlayer, state, 1);
    #####: 1154:		  break;
        -: 1155:		}
    #####: 1156:	    }
    #####: 1157:	}
        -: 1158:
    #####: 1159:      return 0;
        -: 1160:
        -: 1161:    case cutpurse:
        -: 1162:
    #####: 1163:      updateCoins(currentPlayer, state, 2);
    #####: 1164:      for (i = 0; i < state->numPlayers; i++)
branch  0 never executed
branch  1 never executed
        -: 1165:	{
    #####: 1166:	  if (i != currentPlayer)
branch  0 never executed
branch  1 never executed
        -: 1167:	    {
    #####: 1168:	      for (j = 0; j < state->handCount[i]; j++)
branch  0 never executed
branch  1 never executed
        -: 1169:		{
    #####: 1170:		  if (state->hand[i][j] == copper)
branch  0 never executed
branch  1 never executed
        -: 1171:		    {
    #####: 1172:		      discardCard(j, i, state, 0);
    #####: 1173:		      break;
        -: 1174:		    }
    #####: 1175:		  if (j == state->handCount[i])
branch  0 never executed
branch  1 never executed
        -: 1176:		    {
    #####: 1177:		      for (k = 0; k < state->handCount[i]; k++)
branch  0 never executed
branch  1 never executed
        -: 1178:			{
        -: 1179:			  if (DEBUG)
        -: 1180:			    printf("Player %d reveals card number %d\n", i, state->hand[i][k]);
    #####: 1181:			}
    #####: 1182:		      break;
        -: 1183:		    }
    #####: 1184:		}
        -: 1185:
    #####: 1186:	    }
        -: 1187:
    #####: 1188:	}
        -: 1189:
        -: 1190:      //discard played card from hand
    #####: 1191:      discardCard(handPos, currentPlayer, state, 0);
        -: 1192:
    #####: 1193:      return 0;
        -: 1194:
        -: 1195:
        -: 1196:    case embargo:
    #####: 1197:      return playEmbargo(handPos, currentPlayer, state);
        -: 1198:
        -: 1199:    case outpost:
        -: 1200:      //set outpost flag
        1: 1201:      state->outpostPlayed++;
        -: 1202:
        -: 1203:      //discard card
        1: 1204:      discardCard(handPos, currentPlayer, state, 0);
        1: 1205:      return 0;
        -: 1206:
        -: 1207:    case salvager:
    #####: 1208:      return playSalvager(handPos, currentPlayer, state);
        -: 1209:
        -: 1210:    case sea_hag:
    #####: 1211:      for (i = 0; i < state->numPlayers; i++){
branch  0 never executed
branch  1 never executed
    #####: 1212:	if (i != currentPlayer){
branch  0 never executed
branch  1 never executed
    #####: 1213:	  state->discard[i][state->discardCount[i]] = state->deck[i][state->deckCount[i]--];			    state->deckCount[i]--;
    #####: 1214:	  state->discardCount[i]++;
    #####: 1215:	  state->deck[i][state->deckCount[i]--] = curse;//Top card now a curse
    #####: 1216:	}
    #####: 1217:      }
    #####: 1218:      return 0;
        -: 1219:
        -: 1220:    case treasure_map:
        -: 1221:      //search hand for another treasure_map
    #####: 1222:      index = -1;
    #####: 1223:      for (i = 0; i < state->handCount[currentPlayer]; i++)
branch  0 never executed
branch  1 never executed
        -: 1224:	{
    #####: 1225:	  if (state->hand[currentPlayer][i] == treasure_map && i != handPos)
branch  0 never executed
branch  1 never executed
branch  2 never executed
branch  3 never executed
        -: 1226:	    {
    #####: 1227:	      index = i;
    #####: 1228:	      break;
        -: 1229:	    }
    #####: 1230:	}
    #####: 1231:      if (index > -1)
branch  0 never executed
branch  1 never executed
        -: 1232:	{
        -: 1233:	  //trash both treasure cards
    #####: 1234:	  discardCard(handPos, currentPlayer, state, 1);
    #####: 1235:	  discardCard(index, currentPlayer, state, 1);
        -: 1236:
        -: 1237:	  //gain 4 Gold cards
    #####: 1238:	  for (i = 0; i < 4; i++)
branch  0 never executed
branch  1 never executed
        -: 1239:	    {
    #####: 1240:	      gainCard(gold, state, 1, currentPlayer);
    #####: 1241:	    }
        -: 1242:
        -: 1243:	  //return success
    #####: 1244:	  return 1;
        -: 1245:	}
        -: 1246:
        -: 1247:      //no second treasure_map found in hand
    #####: 1248:      return -1;
        -: 1249:    }
        -: 1250:
    #####: 1251:  return -1;
        4: 1252:}
        -: 1253:
function discardCard called 2 returned 100% blocks executed 80%
        -: 1254:int discardCard(int handPos, int currentPlayer, struct gameState *state, int trashFlag)
        -: 1255:{
        -: 1256:
        -: 1257:  //if card is not trashed, added to Played pile
        2: 1258:  if (trashFlag < 1)
branch  0 taken 100%
branch  1 taken 0%
        -: 1259:    {
        -: 1260:      //add card to played pile
        2: 1261:      state->playedCards[state->playedCardCount] = state->hand[currentPlayer][handPos];
        2: 1262:      state->playedCardCount++;
        2: 1263:    }
        -: 1264:
        -: 1265:  //set played card to -1
        2: 1266:  state->hand[currentPlayer][handPos] = -1;
        -: 1267:
        -: 1268:  //remove card from player's hand
        2: 1269:  if ( handPos == (state->handCount[currentPlayer] - 1) ) 	//last card in hand array is played
branch  0 taken 0%
branch  1 taken 100%
        -: 1270:    {
        -: 1271:      //reduce number of cards in hand
    #####: 1272:      state->handCount[currentPlayer]--;
    #####: 1273:    }
        2: 1274:  else if ( state->handCount[currentPlayer] == 1 ) //only one card in hand
branch  0 taken 0%
branch  1 taken 100%
        -: 1275:    {
        -: 1276:      //reduce number of cards in hand
    #####: 1277:      state->handCount[currentPlayer]--;
    #####: 1278:    }
        -: 1279:  else
        -: 1280:    {
        -: 1281:      //replace discarded card with last card in hand
        2: 1282:      state->hand[currentPlayer][handPos] = state->hand[currentPlayer][ (state->handCount[currentPlayer] - 1)];
        -: 1283:      //set last card to -1
        2: 1284:      state->hand[currentPlayer][state->handCount[currentPlayer] - 1] = -1;
        -: 1285:      //reduce number of cards in hand
        2: 1286:      state->handCount[currentPlayer]--;
        -: 1287:    }
        -: 1288:
        2: 1289:  return 0;
        -: 1290:}
        -: 1291:
function gainCard called 0 returned 0% blocks executed 0%
        -: 1292:int gainCard(int supplyPos, struct gameState *state, int toFlag, int player)
        -: 1293:{
        -: 1294:  //Note: supplyPos is enum of choosen card
        -: 1295:
        -: 1296:  //check if supply pile is empty (0) or card is not used in game (-1)
    #####: 1297:  if ( supplyCount(supplyPos, state) < 1 )
branch  0 never executed
branch  1 never executed
        -: 1298:    {
    #####: 1299:      return -1;
        -: 1300:    }
        -: 1301:
        -: 1302:  //added card for [whoseTurn] current player:
        -: 1303:  // toFlag = 0 : add to discard
        -: 1304:  // toFlag = 1 : add to deck
        -: 1305:  // toFlag = 2 : add to hand
        -: 1306:
    #####: 1307:  if (toFlag == 1)
branch  0 never executed
branch  1 never executed
        -: 1308:    {
    #####: 1309:      state->deck[ player ][ state->deckCount[player] ] = supplyPos;
    #####: 1310:      state->deckCount[player]++;
    #####: 1311:    }
    #####: 1312:  else if (toFlag == 2)
branch  0 never executed
branch  1 never executed
        -: 1313:    {
    #####: 1314:      state->hand[ player ][ state->handCount[player] ] = supplyPos;
    #####: 1315:      state->handCount[player]++;
    #####: 1316:    }
        -: 1317:  else
        -: 1318:    {
    #####: 1319:      state->discard[player][ state->discardCount[player] ] = supplyPos;
    #####: 1320:      state->discardCount[player]++;
        -: 1321:    }
        -: 1322:
        -: 1323:  //decrease number in supply pile
    #####: 1324:  state->supplyCount[supplyPos]--;
        -: 1325:
    #####: 1326:  return 0;
    #####: 1327:}
        -: 1328:
function updateCoins called 2 returned 100% blocks executed 85%
        -: 1329:int updateCoins(int player, struct gameState *state, int bonus)
        -: 1330:{
        -: 1331:  int i;
        -: 1332:
        -: 1333:  //reset coin count
        2: 1334:  state->coins = 0;
        -: 1335:
        -: 1336:  //add coins for each Treasure card in player's hand
       24: 1337:  for (i = 0; i < state->handCount[player]; i++)
branch  0 taken 83%
branch  1 taken 17%
        -: 1338:    {
       10: 1339:      if (state->hand[player][i] == copper)
branch  0 taken 80%
branch  1 taken 20%
        -: 1340:	{
        8: 1341:	  state->coins += 1;
        8: 1342:	}
        2: 1343:      else if (state->hand[player][i] == silver)
branch  0 taken 0%
branch  1 taken 100%
        -: 1344:	{
    #####: 1345:	  state->coins += 2;
    #####: 1346:	}
        2: 1347:      else if (state->hand[player][i] == gold)
branch  0 taken 0%
branch  1 taken 100%
        -: 1348:	{
    #####: 1349:	  state->coins += 3;
    #####: 1350:	}
       10: 1351:    }
        -: 1352:
        -: 1353:  //add bonus
        2: 1354:  state->coins += bonus;
        -: 1355:
        2: 1356:  return 0;
        -: 1357:}
        -: 1358:
        -: 1359:
        -: 1360://end of dominion.c
